2024-04-24 15:17:19,624 INFO  [..                         axisGuardThread] System.currentTimeMillis() - oldSysTime = 219
2024-04-24 15:17:19,839 INFO  [..                         axisGuardThread] System.currentTimeMillis() - oldSysTime = 215
2024-04-24 15:17:20,055 INFO  [..                         axisGuardThread] System.currentTimeMillis() - oldSysTime = 214
2024-04-24 15:17:20,273 INFO  [..                         axisGuardThread] System.currentTimeMillis() - oldSysTime = 218
2024-04-24 15:17:20,507 INFO  [..                         axisGuardThread] System.currentTimeMillis() - oldSysTime = 234
2024-04-24 15:17:20,742 INFO  [..                         axisGuardThread] System.currentTimeMillis() - oldSysTime = 235
2024-04-24 15:17:20,978 INFO  [..                         axisGuardThread] System.currentTimeMillis() - oldSysTime = 236
2024-04-24 15:17:21,199 INFO  [..                         axisGuardThread] System.currentTimeMillis() - oldSysTime = 221
2024-04-24 15:17:21,420 INFO  [..                         axisGuardThread] System.currentTimeMillis() - oldSysTime = 220
2024-04-24 15:17:21,629 INFO  [..                         axisGuardThread] System.currentTimeMillis() - oldSysTime = 209
2024-04-24 15:17:21,856 INFO  [..                         axisGuardThread] System.currentTimeMillis() - oldSysTime = 227
2024-04-24 15:17:22,079 INFO  [..                         axisGuardThread] System.currentTimeMillis() - oldSysTime = 223
2024-04-24 15:17:22,302 INFO  [..                         axisGuardThread] System.currentTimeMillis() - oldSysTime = 222
2024-04-24 15:17:22,505 INFO  [..                         axisGuardThread] System.currentTimeMillis() - oldSysTime = 203
2024-04-24 15:17:22,718 INFO  [..                         axisGuardThread] System.currentTimeMillis() - oldSysTime = 213
2024-04-24 15:17:22,926 INFO  [..                         axisGuardThread] System.currentTimeMillis() - oldSysTime = 208
2024-04-24 15:17:23,141 INFO  [..                         axisGuardThread] System.currentTimeMillis() - oldSysTime = 215
2024-04-24 15:17:23,356 INFO  [..                         axisGuardThread] System.currentTimeMillis() - oldSysTime = 215
2024-04-24 15:17:23,562 INFO  [..                         axisGuardThread] System.currentTimeMillis() - oldSysTime = 205
2024-04-24 15:17:23,788 INFO  [..                         axisGuardThread] System.currentTimeMillis() - oldSysTime = 226
2024-04-24 15:17:24,001 INFO  [..                         axisGuardThread] System.currentTimeMillis() - oldSysTime = 213
2024-04-24 15:17:24,231 INFO  [..                         axisGuardThread] System.currentTimeMillis() - oldSysTime = 230
2024-04-24 15:17:24,450 INFO  [..                         axisGuardThread] System.currentTimeMillis() - oldSysTime = 219
2024-04-24 15:17:24,671 INFO  [..                         axisGuardThread] System.currentTimeMillis() - oldSysTime = 221
2024-04-24 15:17:24,881 INFO  [..                         axisGuardThread] System.currentTimeMillis() - oldSysTime = 210
2024-04-24 15:17:25,096 INFO  [..                         axisGuardThread] System.currentTimeMillis() - oldSysTime = 214
2024-04-24 15:17:25,307 INFO  [..                         axisGuardThread] System.currentTimeMillis() - oldSysTime = 211
2024-04-24 15:17:25,526 INFO  [..                         axisGuardThread] System.currentTimeMillis() - oldSysTime = 219
2024-04-24 15:17:25,743 INFO  [..                         axisGuardThread] System.currentTimeMillis() - oldSysTime = 216
2024-04-24 15:17:25,962 INFO  [..                         axisGuardThread] System.currentTimeMillis() - oldSysTime = 219
2024-04-24 15:17:26,172 INFO  [..                         axisGuardThread] System.currentTimeMillis() - oldSysTime = 209
2024-04-24 15:17:26,393 INFO  [..                         axisGuardThread] System.currentTimeMillis() - oldSysTime = 221
2024-04-24 15:17:26,611 INFO  [..                         axisGuardThread] System.currentTimeMillis() - oldSysTime = 218
2024-04-24 15:17:26,830 INFO  [..                         axisGuardThread] System.currentTimeMillis() - oldSysTime = 219
2024-04-24 15:17:27,044 INFO  [..                         axisGuardThread] System.currentTimeMillis() - oldSysTime = 214
2024-04-24 15:17:27,270 INFO  [..                         axisGuardThread] System.currentTimeMillis() - oldSysTime = 226
2024-04-24 15:17:27,484 INFO  [..                         axisGuardThread] System.currentTimeMillis() - oldSysTime = 214
2024-04-24 15:17:27,701 INFO  [..                         axisGuardThread] System.currentTimeMillis() - oldSysTime = 217
2024-04-24 15:17:27,908 INFO  [..                         axisGuardThread] System.currentTimeMillis() - oldSysTime = 207
2024-04-24 15:17:28,127 INFO  [..                         axisGuardThread] System.currentTimeMillis() - oldSysTime = 219
2024-04-24 15:17:28,342 INFO  [..                         axisGuardThread] System.currentTimeMillis() - oldSysTime = 215
2024-04-24 15:17:28,579 INFO  [..                         axisGuardThread] System.currentTimeMillis() - oldSysTime = 237
2024-04-24 15:17:28,845 INFO  [..                         axisGuardThread] System.currentTimeMillis() - oldSysTime = 266
2024-04-24 15:17:29,061 INFO  [..                         axisGuardThread] System.currentTimeMillis() - oldSysTime = 216
2024-04-24 15:17:29,270 INFO  [..                         axisGuardThread] System.currentTimeMillis() - oldSysTime = 209
2024-04-24 15:17:29,495 INFO  [..                         axisGuardThread] System.currentTimeMillis() - oldSysTime = 225
2024-04-24 15:17:29,713 INFO  [..                         axisGuardThread] System.currentTimeMillis() - oldSysTime = 218
2024-04-24 15:17:29,926 INFO  [..                         axisGuardThread] System.currentTimeMillis() - oldSysTime = 213
2024-04-24 15:17:30,146 INFO  [..                         axisGuardThread] System.currentTimeMillis() - oldSysTime = 220
2024-04-24 15:17:30,356 INFO  [..                         axisGuardThread] System.currentTimeMillis() - oldSysTime = 210
2024-04-24 15:17:30,574 INFO  [..                         axisGuardThread] System.currentTimeMillis() - oldSysTime = 218
2024-04-24 15:17:30,787 INFO  [..                         axisGuardThread] System.currentTimeMillis() - oldSysTime = 213
2024-04-24 15:17:30,997 INFO  [..                         axisGuardThread] System.currentTimeMillis() - oldSysTime = 210
2024-04-24 15:17:31,203 INFO  [..                         axisGuardThread] System.currentTimeMillis() - oldSysTime = 206
2024-04-24 15:17:31,430 INFO  [..                         axisGuardThread] System.currentTimeMillis() - oldSysTime = 227
2024-04-24 15:17:31,653 INFO  [..                         axisGuardThread] System.currentTimeMillis() - oldSysTime = 223
2024-04-24 15:17:31,869 INFO  [..                         axisGuardThread] System.currentTimeMillis() - oldSysTime = 216
2024-04-24 15:17:32,081 INFO  [..                         axisGuardThread] System.currentTimeMillis() - oldSysTime = 212
2024-04-24 15:17:32,298 INFO  [..                         axisGuardThread] System.currentTimeMillis() - oldSysTime = 217
2024-04-24 15:17:32,520 INFO  [..                         axisGuardThread] System.currentTimeMillis() - oldSysTime = 222
2024-04-24 15:17:32,732 INFO  [..                         axisGuardThread] System.currentTimeMillis() - oldSysTime = 212
2024-04-24 15:17:32,951 INFO  [..                         axisGuardThread] System.currentTimeMillis() - oldSysTime = 218
2024-04-24 15:17:33,158 INFO  [..                         axisGuardThread] System.currentTimeMillis() - oldSysTime = 207
2024-04-24 15:17:33,386 INFO  [..                         axisGuardThread] System.currentTimeMillis() - oldSysTime = 228
2024-04-24 15:17:33,608 INFO  [..                         axisGuardThread] System.currentTimeMillis() - oldSysTime = 222
2024-04-24 15:17:33,818 INFO  [..                         axisGuardThread] System.currentTimeMillis() - oldSysTime = 210
2024-04-24 15:17:34,037 INFO  [..                         axisGuardThread] System.currentTimeMillis() - oldSysTime = 219
2024-04-24 15:17:34,253 INFO  [..                         axisGuardThread] System.currentTimeMillis() - oldSysTime = 216
2024-04-24 15:17:34,473 INFO  [..                         axisGuardThread] System.currentTimeMillis() - oldSysTime = 220
2024-04-24 15:17:34,689 INFO  [..                         axisGuardThread] System.currentTimeMillis() - oldSysTime = 216
2024-04-24 15:17:34,896 INFO  [..                         axisGuardThread] System.currentTimeMillis() - oldSysTime = 207
2024-04-24 15:17:35,106 INFO  [..                         axisGuardThread] System.currentTimeMillis() - oldSysTime = 210
2024-04-24 15:17:35,317 INFO  [..                         axisGuardThread] System.currentTimeMillis() - oldSysTime = 211
2024-04-24 15:17:35,559 INFO  [..                         axisGuardThread] System.currentTimeMillis() - oldSysTime = 242
2024-04-24 15:17:35,773 INFO  [..                         axisGuardThread] System.currentTimeMillis() - oldSysTime = 214
2024-04-24 15:17:35,986 INFO  [..                         axisGuardThread] System.currentTimeMillis() - oldSysTime = 213
2024-04-24 15:17:36,198 INFO  [..                         axisGuardThread] System.currentTimeMillis() - oldSysTime = 212
2024-04-24 15:17:36,427 INFO  [..                         axisGuardThread] System.currentTimeMillis() - oldSysTime = 229
2024-04-24 15:17:36,646 INFO  [..                         axisGuardThread] System.currentTimeMillis() - oldSysTime = 219
2024-04-24 15:17:36,856 INFO  [..                         axisGuardThread] System.currentTimeMillis() - oldSysTime = 210
2024-04-24 15:17:37,080 INFO  [..                         axisGuardThread] System.currentTimeMillis() - oldSysTime = 224
2024-04-24 15:17:37,297 INFO  [..                         axisGuardThread] System.currentTimeMillis() - oldSysTime = 217
2024-04-24 15:17:37,515 INFO  [..                         axisGuardThread] System.currentTimeMillis() - oldSysTime = 218
2024-04-24 15:17:37,719 INFO  [..                         axisGuardThread] System.currentTimeMillis() - oldSysTime = 204
2024-04-24 15:17:37,932 INFO  [..                         axisGuardThread] System.currentTimeMillis() - oldSysTime = 213
2024-04-24 15:17:38,139 INFO  [..                         axisGuardThread] System.currentTimeMillis() - oldSysTime = 207
2024-04-24 15:17:38,347 INFO  [..                         axisGuardThread] System.currentTimeMillis() - oldSysTime = 207
2024-04-24 15:17:38,564 INFO  [..                         axisGuardThread] System.currentTimeMillis() - oldSysTime = 216
2024-04-24 15:17:38,769 INFO  [..                         axisGuardThread] System.currentTimeMillis() - oldSysTime = 205
2024-04-24 15:17:38,984 INFO  [..                         axisGuardThread] System.currentTimeMillis() - oldSysTime = 215
2024-04-24 15:17:39,189 INFO  [..                         axisGuardThread] System.currentTimeMillis() - oldSysTime = 205
2024-04-24 15:17:39,396 INFO  [..                         axisGuardThread] System.currentTimeMillis() - oldSysTime = 206
2024-04-24 15:17:39,616 INFO  [..                         axisGuardThread] System.currentTimeMillis() - oldSysTime = 220
2024-04-24 15:17:39,819 INFO  [..                         axisGuardThread] System.currentTimeMillis() - oldSysTime = 203
2024-04-24 15:17:40,040 INFO  [..                         axisGuardThread] System.currentTimeMillis() - oldSysTime = 221
2024-04-24 15:17:40,253 INFO  [..                         axisGuardThread] System.currentTimeMillis() - oldSysTime = 213
2024-04-24 15:17:40,465 INFO  [..                         axisGuardThread] System.currentTimeMillis() - oldSysTime = 212
2024-04-24 15:17:40,682 INFO  [..                         axisGuardThread] System.currentTimeMillis() - oldSysTime = 217
2024-04-24 15:17:40,886 INFO  [..                         axisGuardThread] System.currentTimeMillis() - oldSysTime = 204
2024-04-24 15:17:41,094 INFO  [..                         axisGuardThread] System.currentTimeMillis() - oldSysTime = 208
2024-04-24 15:17:41,315 INFO  [..                         axisGuardThread] System.currentTimeMillis() - oldSysTime = 221
2024-04-24 15:17:41,530 INFO  [..                         axisGuardThread] System.currentTimeMillis() - oldSysTime = 215
2024-04-24 15:17:41,751 INFO  [..                         axisGuardThread] System.currentTimeMillis() - oldSysTime = 221
2024-04-24 15:17:41,963 INFO  [..                         axisGuardThread] System.currentTimeMillis() - oldSysTime = 212
2024-04-24 15:17:42,165 INFO  [..                         axisGuardThread] System.currentTimeMillis() - oldSysTime = 202
2024-04-24 15:17:42,382 INFO  [..                         axisGuardThread] System.currentTimeMillis() - oldSysTime = 217
2024-04-24 15:17:42,597 INFO  [..                         axisGuardThread] System.currentTimeMillis() - oldSysTime = 214
2024-04-24 15:17:42,808 INFO  [..                         axisGuardThread] System.currentTimeMillis() - oldSysTime = 211
2024-04-24 15:17:43,030 INFO  [..                         axisGuardThread] System.currentTimeMillis() - oldSysTime = 222
2024-04-24 15:17:43,240 INFO  [..                         axisGuardThread] System.currentTimeMillis() - oldSysTime = 210
2024-04-24 15:17:43,447 INFO  [..                         axisGuardThread] System.currentTimeMillis() - oldSysTime = 207
2024-04-24 15:17:43,661 INFO  [..                         axisGuardThread] System.currentTimeMillis() - oldSysTime = 214
2024-04-24 15:17:43,880 INFO  [..                         axisGuardThread] System.currentTimeMillis() - oldSysTime = 219
2024-04-24 15:17:44,086 INFO  [..                         axisGuardThread] System.currentTimeMillis() - oldSysTime = 206
2024-04-24 15:17:44,297 INFO  [..                         axisGuardThread] System.currentTimeMillis() - oldSysTime = 211
2024-04-24 15:17:44,513 INFO  [..                         axisGuardThread] System.currentTimeMillis() - oldSysTime = 216
2024-04-24 15:17:44,742 INFO  [..                         axisGuardThread] System.currentTimeMillis() - oldSysTime = 229
2024-04-24 15:17:44,948 INFO  [..                         axisGuardThread] System.currentTimeMillis() - oldSysTime = 206
2024-04-24 15:17:45,161 INFO  [..                         axisGuardThread] System.currentTimeMillis() - oldSysTime = 213
2024-04-24 15:17:45,373 INFO  [..                         axisGuardThread] System.currentTimeMillis() - oldSysTime = 212
2024-04-24 15:17:45,583 INFO  [..                         axisGuardThread] System.currentTimeMillis() - oldSysTime = 210
2024-04-24 15:17:45,797 INFO  [..                         axisGuardThread] System.currentTimeMillis() - oldSysTime = 214
2024-04-24 15:17:46,004 INFO  [..                         axisGuardThread] System.currentTimeMillis() - oldSysTime = 207
2024-04-24 15:17:46,214 INFO  [..                         axisGuardThread] System.currentTimeMillis() - oldSysTime = 210
2024-04-24 15:17:46,435 INFO  [..                         axisGuardThread] System.currentTimeMillis() - oldSysTime = 221
2024-04-24 15:17:46,652 INFO  [..                         axisGuardThread] System.currentTimeMillis() - oldSysTime = 217
2024-04-24 15:17:46,857 INFO  [..                         axisGuardThread] System.currentTimeMillis() - oldSysTime = 205
2024-04-24 15:17:47,074 INFO  [..                         axisGuardThread] System.currentTimeMillis() - oldSysTime = 217
2024-04-24 15:17:47,290 INFO  [..                         axisGuardThread] System.currentTimeMillis() - oldSysTime = 216
2024-04-24 15:17:47,501 INFO  [..                         axisGuardThread] System.currentTimeMillis() - oldSysTime = 211
2024-04-24 15:17:47,719 INFO  [..                         axisGuardThread] System.currentTimeMillis() - oldSysTime = 218
2024-04-24 15:17:47,931 INFO  [..                         axisGuardThread] System.currentTimeMillis() - oldSysTime = 212
2024-04-24 15:17:48,147 INFO  [..                         axisGuardThread] System.currentTimeMillis() - oldSysTime = 216
2024-04-24 15:17:48,361 INFO  [..                         axisGuardThread] System.currentTimeMillis() - oldSysTime = 214
2024-04-24 15:17:48,571 INFO  [..                         axisGuardThread] System.currentTimeMillis() - oldSysTime = 210
2024-04-24 15:17:48,800 INFO  [..                         axisGuardThread] System.currentTimeMillis() - oldSysTime = 229
2024-04-24 15:17:49,004 INFO  [..                         axisGuardThread] System.currentTimeMillis() - oldSysTime = 204
2024-04-24 15:17:49,210 INFO  [..                         axisGuardThread] System.currentTimeMillis() - oldSysTime = 206
2024-04-24 15:17:49,422 INFO  [..                         axisGuardThread] System.currentTimeMillis() - oldSysTime = 210
2024-04-24 15:17:49,638 INFO  [..                         axisGuardThread] System.currentTimeMillis() - oldSysTime = 216
2024-04-24 15:17:49,852 INFO  [..                         axisGuardThread] System.currentTimeMillis() - oldSysTime = 214
2024-04-24 15:17:50,059 INFO  [..                         axisGuardThread] System.currentTimeMillis() - oldSysTime = 206
2024-04-24 15:17:53,632 INFO  [..                         axisGuardThread] System.currentTimeMillis() - oldSysTime = 3573
2024-04-24 15:17:53,635 INFO  [..                      DataRecorderThread] DataRecorder to execute awaitFileAvailable.
2024-04-24 15:17:53,635 INFO  [..                      DataRecorderThread] DataRecorder to save over the previous recorder
2024-04-24 15:17:53,635 INFO  [..                      DataRecorderThread] isQuitThread = false ThreadPriority = 5
2024-04-24 15:17:53,635 INFO  [..                      DataRecorderThread] enter to renameExistsFiles
2024-04-24 15:17:53,647 INFO  [..                      DataRecorderThread] quit to renameExistsFiles
2024-04-24 15:17:53,647 INFO  [..                      DataRecorderThread] initDataRecorder----------
2024-04-24 15:17:53,647 INFO  [..                      DataRecorderThread] ------------nTimeOut = 43690  nTotalSampleTimes = 43690 nInterval=1
2024-04-24 15:17:53,867 INFO  [..                         axisGuardThread] System.currentTimeMillis() - oldSysTime = 235
2024-04-24 15:17:54,082 INFO  [..                         axisGuardThread] System.currentTimeMillis() - oldSysTime = 215
2024-04-24 15:17:54,284 INFO  [..                         axisGuardThread] System.currentTimeMillis() - oldSysTime = 202
2024-04-24 15:17:54,493 INFO  [..                         axisGuardThread] System.currentTimeMillis() - oldSysTime = 209
2024-04-24 15:17:54,708 INFO  [..                         axisGuardThread] System.currentTimeMillis() - oldSysTime = 215
2024-04-24 15:17:54,938 INFO  [..                         axisGuardThread] System.currentTimeMillis() - oldSysTime = 230
2024-04-24 15:17:55,141 INFO  [..                         axisGuardThread] System.currentTimeMillis() - oldSysTime = 203
2024-04-24 15:17:55,395 INFO  [..                         axisGuardThread] System.currentTimeMillis() - oldSysTime = 254
2024-04-24 15:17:55,609 INFO  [..                         axisGuardThread] System.currentTimeMillis() - oldSysTime = 214
2024-04-24 15:17:55,827 INFO  [..                         axisGuardThread] System.currentTimeMillis() - oldSysTime = 218
2024-04-24 15:17:56,039 INFO  [..                         axisGuardThread] System.currentTimeMillis() - oldSysTime = 212
2024-04-24 15:17:56,251 INFO  [..                         axisGuardThread] System.currentTimeMillis() - oldSysTime = 212
2024-04-24 15:17:56,464 INFO  [..                         axisGuardThread] System.currentTimeMillis() - oldSysTime = 213
2024-04-24 15:17:56,682 INFO  [..                         axisGuardThread] System.currentTimeMillis() - oldSysTime = 218
2024-04-24 15:17:56,910 INFO  [..                         axisGuardThread] System.currentTimeMillis() - oldSysTime = 228
2024-04-24 15:17:57,120 INFO  [..                         axisGuardThread] System.currentTimeMillis() - oldSysTime = 210
2024-04-24 15:17:57,333 INFO  [..                         axisGuardThread] System.currentTimeMillis() - oldSysTime = 213
2024-04-24 15:17:57,534 INFO  [..                         axisGuardThread] System.currentTimeMillis() - oldSysTime = 201
2024-04-24 15:17:57,746 INFO  [..                         axisGuardThread] System.currentTimeMillis() - oldSysTime = 212
2024-04-24 15:17:57,962 INFO  [..                         axisGuardThread] System.currentTimeMillis() - oldSysTime = 216
2024-04-24 15:17:58,209 INFO  [..                         axisGuardThread] System.currentTimeMillis() - oldSysTime = 247
2024-04-24 15:17:58,432 INFO  [..                         axisGuardThread] System.currentTimeMillis() - oldSysTime = 223
2024-04-24 15:17:58,647 INFO  [..                         axisGuardThread] System.currentTimeMillis() - oldSysTime = 215
2024-04-24 15:17:58,871 INFO  [..                         axisGuardThread] System.currentTimeMillis() - oldSysTime = 224
2024-04-24 15:17:59,092 INFO  [..                         axisGuardThread] System.currentTimeMillis() - oldSysTime = 221
2024-04-24 15:17:59,310 INFO  [..                         axisGuardThread] System.currentTimeMillis() - oldSysTime = 218
2024-04-24 15:17:59,523 INFO  [..                         axisGuardThread] System.currentTimeMillis() - oldSysTime = 213
2024-04-24 15:17:59,740 INFO  [..                         axisGuardThread] System.currentTimeMillis() - oldSysTime = 217
2024-04-24 15:17:59,948 INFO  [..                         axisGuardThread] System.currentTimeMillis() - oldSysTime = 208
2024-04-24 15:18:00,162 INFO  [..                         axisGuardThread] System.currentTimeMillis() - oldSysTime = 214
2024-04-24 15:18:00,368 INFO  [..                         axisGuardThread] System.currentTimeMillis() - oldSysTime = 206
2024-04-24 15:18:00,588 INFO  [..                         axisGuardThread] System.currentTimeMillis() - oldSysTime = 220
2024-04-24 15:18:00,803 INFO  [..                         axisGuardThread] System.currentTimeMillis() - oldSysTime = 215
2024-04-24 15:18:01,022 INFO  [..                         axisGuardThread] System.currentTimeMillis() - oldSysTime = 219
2024-04-24 15:18:01,241 INFO  [..                         axisGuardThread] System.currentTimeMillis() - oldSysTime = 219
2024-04-24 15:18:01,454 INFO  [..                         axisGuardThread] System.currentTimeMillis() - oldSysTime = 213
2024-04-24 15:18:01,675 INFO  [..                         axisGuardThread] System.currentTimeMillis() - oldSysTime = 221
2024-04-24 15:18:01,886 INFO  [..                         axisGuardThread] System.currentTimeMillis() - oldSysTime = 211
2024-04-24 15:18:02,099 INFO  [..                         axisGuardThread] System.currentTimeMillis() - oldSysTime = 213
2024-04-24 15:18:02,316 INFO  [..                         axisGuardThread] System.currentTimeMillis() - oldSysTime = 217
2024-04-24 15:18:02,523 INFO  [..                         axisGuardThread] System.currentTimeMillis() - oldSysTime = 207
2024-04-24 15:18:02,777 INFO  [..                         axisGuardThread] System.currentTimeMillis() - oldSysTime = 254
2024-04-24 15:18:02,999 INFO  [..                         axisGuardThread] System.currentTimeMillis() - oldSysTime = 222
2024-04-24 15:18:03,208 INFO  [..                         axisGuardThread] System.currentTimeMillis() - oldSysTime = 209
2024-04-24 15:18:03,417 INFO  [..                         axisGuardThread] System.currentTimeMillis() - oldSysTime = 209
2024-04-24 15:18:03,636 INFO  [..                         axisGuardThread] System.currentTimeMillis() - oldSysTime = 219
2024-04-24 15:18:03,851 INFO  [..                         axisGuardThread] System.currentTimeMillis() - oldSysTime = 215
2024-04-24 15:18:04,065 INFO  [..                         axisGuardThread] System.currentTimeMillis() - oldSysTime = 214
2024-04-24 15:18:04,278 INFO  [..                         axisGuardThread] System.currentTimeMillis() - oldSysTime = 213
2024-04-24 15:18:04,488 INFO  [..                         axisGuardThread] System.currentTimeMillis() - oldSysTime = 210
2024-04-24 15:18:04,702 INFO  [..                         axisGuardThread] System.currentTimeMillis() - oldSysTime = 213
2024-04-24 15:18:04,917 INFO  [..                         axisGuardThread] System.currentTimeMillis() - oldSysTime = 215
2024-04-24 15:18:05,138 INFO  [..                         axisGuardThread] System.currentTimeMillis() - oldSysTime = 221
2024-04-24 15:18:05,346 INFO  [..                         axisGuardThread] System.currentTimeMillis() - oldSysTime = 208
2024-04-24 15:18:05,562 INFO  [..                         axisGuardThread] System.currentTimeMillis() - oldSysTime = 216
2024-04-24 15:18:05,777 INFO  [..                         axisGuardThread] System.currentTimeMillis() - oldSysTime = 215
2024-04-24 15:18:05,992 INFO  [..                         axisGuardThread] System.currentTimeMillis() - oldSysTime = 215
2024-04-24 15:18:06,202 INFO  [..                         axisGuardThread] System.currentTimeMillis() - oldSysTime = 210
2024-04-24 15:18:06,413 INFO  [..                         axisGuardThread] System.currentTimeMillis() - oldSysTime = 211
2024-04-24 15:18:06,636 INFO  [..                         axisGuardThread] System.currentTimeMillis() - oldSysTime = 223
2024-04-24 15:18:06,851 INFO  [..                         axisGuardThread] System.currentTimeMillis() - oldSysTime = 215
2024-04-24 15:18:07,075 INFO  [..                         axisGuardThread] System.currentTimeMillis() - oldSysTime = 224
2024-04-24 15:18:07,299 INFO  [..                         axisGuardThread] System.currentTimeMillis() - oldSysTime = 224
2024-04-24 15:18:07,513 INFO  [..                         axisGuardThread] System.currentTimeMillis() - oldSysTime = 214
2024-04-24 15:18:07,760 INFO  [..                         axisGuardThread] System.currentTimeMillis() - oldSysTime = 247
2024-04-24 15:18:07,988 INFO  [..                         axisGuardThread] System.currentTimeMillis() - oldSysTime = 228
2024-04-24 15:18:08,193 INFO  [..                         axisGuardThread] System.currentTimeMillis() - oldSysTime = 205
2024-04-24 15:18:08,399 INFO  [..                         axisGuardThread] System.currentTimeMillis() - oldSysTime = 206
2024-04-24 15:18:08,609 INFO  [..                         axisGuardThread] System.currentTimeMillis() - oldSysTime = 210
2024-04-24 15:18:08,812 INFO  [..                         axisGuardThread] System.currentTimeMillis() - oldSysTime = 203
2024-04-24 15:18:09,022 INFO  [..                         axisGuardThread] System.currentTimeMillis() - oldSysTime = 210
2024-04-24 15:18:09,239 INFO  [..                         axisGuardThread] System.currentTimeMillis() - oldSysTime = 217
2024-04-24 15:18:09,452 INFO  [..                         axisGuardThread] System.currentTimeMillis() - oldSysTime = 213
2024-04-24 15:18:09,668 INFO  [..                         axisGuardThread] System.currentTimeMillis() - oldSysTime = 216
2024-04-24 15:18:09,876 INFO  [..                         axisGuardThread] System.currentTimeMillis() - oldSysTime = 208
2024-04-24 15:18:10,085 INFO  [..                         axisGuardThread] System.currentTimeMillis() - oldSysTime = 209
2024-04-24 15:18:10,341 INFO  [..                         axisGuardThread] System.currentTimeMillis() - oldSysTime = 256
2024-04-24 15:18:10,543 INFO  [..                         axisGuardThread] System.currentTimeMillis() - oldSysTime = 202
2024-04-24 15:18:10,747 INFO  [..                         axisGuardThread] System.currentTimeMillis() - oldSysTime = 204
2024-04-24 15:18:10,954 INFO  [..                         axisGuardThread] System.currentTimeMillis() - oldSysTime = 207
2024-04-24 15:18:11,178 INFO  [..                         axisGuardThread] System.currentTimeMillis() - oldSysTime = 224
2024-04-24 15:18:11,383 INFO  [..                         axisGuardThread] System.currentTimeMillis() - oldSysTime = 205
2024-04-24 15:18:11,587 INFO  [..                         axisGuardThread] System.currentTimeMillis() - oldSysTime = 204
2024-04-24 15:18:11,813 INFO  [..                         axisGuardThread] System.currentTimeMillis() - oldSysTime = 226
2024-04-24 15:18:12,036 INFO  [..                         axisGuardThread] System.currentTimeMillis() - oldSysTime = 223
2024-04-24 15:18:12,247 INFO  [..                         axisGuardThread] System.currentTimeMillis() - oldSysTime = 210
2024-04-24 15:18:12,457 INFO  [..                         axisGuardThread] System.currentTimeMillis() - oldSysTime = 210
2024-04-24 15:18:12,670 INFO  [..                         axisGuardThread] System.currentTimeMillis() - oldSysTime = 213
2024-04-24 15:18:12,875 INFO  [..                         axisGuardThread] System.currentTimeMillis() - oldSysTime = 205
2024-04-24 15:18:13,095 INFO  [..                         axisGuardThread] System.currentTimeMillis() - oldSysTime = 220
2024-04-24 15:18:13,311 INFO  [..                         axisGuardThread] System.currentTimeMillis() - oldSysTime = 216
2024-04-24 15:18:13,519 INFO  [..                         axisGuardThread] System.currentTimeMillis() - oldSysTime = 207
2024-04-24 15:18:13,726 INFO  [..                         axisGuardThread] System.currentTimeMillis() - oldSysTime = 207
2024-04-24 15:18:13,939 INFO  [..                         axisGuardThread] System.currentTimeMillis() - oldSysTime = 213
2024-04-24 15:18:14,146 INFO  [..                         axisGuardThread] System.currentTimeMillis() - oldSysTime = 207
2024-04-24 15:18:14,354 INFO  [..                         axisGuardThread] System.currentTimeMillis() - oldSysTime = 208
2024-04-24 15:18:14,563 INFO  [..                         axisGuardThread] System.currentTimeMillis() - oldSysTime = 209
2024-04-24 15:18:14,780 INFO  [..                         axisGuardThread] System.currentTimeMillis() - oldSysTime = 217
2024-04-24 15:18:14,984 INFO  [..                         axisGuardThread] System.currentTimeMillis() - oldSysTime = 204
2024-04-24 15:18:15,187 INFO  [..                         axisGuardThread] System.currentTimeMillis() - oldSysTime = 203
2024-04-24 15:18:15,398 INFO  [..                         axisGuardThread] System.currentTimeMillis() - oldSysTime = 211
2024-04-24 15:18:15,620 INFO  [..                         axisGuardThread] System.currentTimeMillis() - oldSysTime = 222
2024-04-24 15:18:15,831 INFO  [..                         axisGuardThread] System.currentTimeMillis() - oldSysTime = 211
2024-04-24 15:18:16,036 INFO  [..                         axisGuardThread] System.currentTimeMillis() - oldSysTime = 205
2024-04-24 15:18:16,248 INFO  [..                         axisGuardThread] System.currentTimeMillis() - oldSysTime = 212
2024-04-24 15:18:16,457 INFO  [..                         axisGuardThread] System.currentTimeMillis() - oldSysTime = 209
2024-04-24 15:18:16,668 INFO  [..                         axisGuardThread] System.currentTimeMillis() - oldSysTime = 211
2024-04-24 15:18:16,872 INFO  [..                         axisGuardThread] System.currentTimeMillis() - oldSysTime = 204
2024-04-24 15:18:17,090 INFO  [..                         axisGuardThread] System.currentTimeMillis() - oldSysTime = 218
2024-04-24 15:18:17,297 INFO  [..                         axisGuardThread] System.currentTimeMillis() - oldSysTime = 207
2024-04-24 15:18:17,513 INFO  [..                         axisGuardThread] System.currentTimeMillis() - oldSysTime = 216
2024-04-24 15:18:17,726 INFO  [..                         axisGuardThread] System.currentTimeMillis() - oldSysTime = 213
2024-04-24 15:18:17,930 INFO  [..                         axisGuardThread] System.currentTimeMillis() - oldSysTime = 204
2024-04-24 15:18:18,155 INFO  [..                         axisGuardThread] System.currentTimeMillis() - oldSysTime = 225
2024-04-24 15:18:18,357 INFO  [..                         axisGuardThread] System.currentTimeMillis() - oldSysTime = 201
2024-04-24 15:18:18,563 INFO  [..                         axisGuardThread] System.currentTimeMillis() - oldSysTime = 206
2024-04-24 15:18:18,786 INFO  [..                         axisGuardThread] System.currentTimeMillis() - oldSysTime = 223
2024-04-24 15:18:18,995 INFO  [..                         axisGuardThread] System.currentTimeMillis() - oldSysTime = 209
2024-04-24 15:18:19,201 INFO  [..                         axisGuardThread] System.currentTimeMillis() - oldSysTime = 204
2024-04-24 15:18:19,414 INFO  [..                         axisGuardThread] System.currentTimeMillis() - oldSysTime = 213
2024-04-24 15:18:19,666 INFO  [..                         axisGuardThread] System.currentTimeMillis() - oldSysTime = 252
2024-04-24 15:18:19,868 INFO  [..                         axisGuardThread] System.currentTimeMillis() - oldSysTime = 202
2024-04-24 15:18:20,074 INFO  [..                         axisGuardThread] System.currentTimeMillis() - oldSysTime = 206
2024-04-24 15:18:20,290 INFO  [..                         axisGuardThread] System.currentTimeMillis() - oldSysTime = 216
2024-04-24 15:18:20,499 INFO  [..                         axisGuardThread] System.currentTimeMillis() - oldSysTime = 209
2024-04-24 15:18:20,714 INFO  [..                         axisGuardThread] System.currentTimeMillis() - oldSysTime = 214
2024-04-24 15:18:20,934 INFO  [..                         axisGuardThread] System.currentTimeMillis() - oldSysTime = 220
2024-04-24 15:18:21,155 INFO  [..                         axisGuardThread] System.currentTimeMillis() - oldSysTime = 221
2024-04-24 15:18:21,375 INFO  [..                         axisGuardThread] System.currentTimeMillis() - oldSysTime = 220
2024-04-24 15:18:21,579 INFO  [..                         axisGuardThread] System.currentTimeMillis() - oldSysTime = 204
2024-04-24 15:18:21,793 INFO  [..                         axisGuardThread] System.currentTimeMillis() - oldSysTime = 214
2024-04-24 15:18:22,006 INFO  [..                         axisGuardThread] System.currentTimeMillis() - oldSysTime = 213
2024-04-24 15:18:22,229 INFO  [..                         axisGuardThread] System.currentTimeMillis() - oldSysTime = 223
2024-04-24 15:18:22,439 INFO  [..                         axisGuardThread] System.currentTimeMillis() - oldSysTime = 210
2024-04-24 15:18:22,649 INFO  [..                         axisGuardThread] System.currentTimeMillis() - oldSysTime = 210
2024-04-24 15:18:22,865 INFO  [..                         axisGuardThread] System.currentTimeMillis() - oldSysTime = 216
2024-04-24 15:18:23,086 INFO  [..                         axisGuardThread] System.currentTimeMillis() - oldSysTime = 221
2024-04-24 15:18:23,300 INFO  [..                         axisGuardThread] System.currentTimeMillis() - oldSysTime = 214
2024-04-24 15:18:23,523 INFO  [..                         axisGuardThread] System.currentTimeMillis() - oldSysTime = 223
2024-04-24 15:18:23,743 INFO  [..                         axisGuardThread] System.currentTimeMillis() - oldSysTime = 220
2024-04-24 15:18:23,951 INFO  [..                         axisGuardThread] System.currentTimeMillis() - oldSysTime = 208
2024-04-24 15:18:24,173 INFO  [..                         axisGuardThread] System.currentTimeMillis() - oldSysTime = 222
2024-04-24 15:18:24,376 INFO  [..                         axisGuardThread] System.currentTimeMillis() - oldSysTime = 203
2024-04-24 15:18:24,595 INFO  [..                         axisGuardThread] System.currentTimeMillis() - oldSysTime = 219
2024-04-24 15:18:24,802 INFO  [..                         axisGuardThread] System.currentTimeMillis() - oldSysTime = 207
2024-04-24 15:18:25,004 INFO  [..                         axisGuardThread] System.currentTimeMillis() - oldSysTime = 202
2024-04-24 15:18:25,292 INFO  [..                         axisGuardThread] System.currentTimeMillis() - oldSysTime = 233
2024-04-24 15:18:25,541 INFO  [..                         axisGuardThread] System.currentTimeMillis() - oldSysTime = 249
2024-04-24 15:18:25,751 INFO  [..                         axisGuardThread] System.currentTimeMillis() - oldSysTime = 210
2024-04-24 15:18:25,964 INFO  [..                         axisGuardThread] System.currentTimeMillis() - oldSysTime = 213
2024-04-24 15:18:26,170 INFO  [..                         axisGuardThread] System.currentTimeMillis() - oldSysTime = 206
2024-04-24 15:18:26,382 INFO  [..                         axisGuardThread] System.currentTimeMillis() - oldSysTime = 212
2024-04-24 15:18:26,594 INFO  [..                         axisGuardThread] System.currentTimeMillis() - oldSysTime = 212
2024-04-24 15:18:26,954 INFO  [..                         axisGuardThread] System.currentTimeMillis() - oldSysTime = 360
2024-04-24 15:18:27,172 INFO  [..                         axisGuardThread] System.currentTimeMillis() - oldSysTime = 218
2024-04-24 15:18:27,437 INFO  [..                         axisGuardThread] System.currentTimeMillis() - oldSysTime = 208
2024-04-24 15:18:27,688 INFO  [..                         axisGuardThread] System.currentTimeMillis() - oldSysTime = 251
2024-04-24 15:18:27,905 INFO  [..                         axisGuardThread] System.currentTimeMillis() - oldSysTime = 217
2024-04-24 15:18:28,116 INFO  [..                         axisGuardThread] System.currentTimeMillis() - oldSysTime = 211
2024-04-24 15:18:28,348 INFO  [..                         axisGuardThread] System.currentTimeMillis() - oldSysTime = 231
2024-04-24 15:18:28,560 INFO  [..                         axisGuardThread] System.currentTimeMillis() - oldSysTime = 212
2024-04-24 15:18:28,771 INFO  [..                         axisGuardThread] System.currentTimeMillis() - oldSysTime = 211
2024-04-24 15:18:28,984 INFO  [..                         axisGuardThread] System.currentTimeMillis() - oldSysTime = 213
2024-04-24 15:18:29,199 INFO  [..                         axisGuardThread] System.currentTimeMillis() - oldSysTime = 215
2024-04-24 15:18:29,407 INFO  [..                         axisGuardThread] System.currentTimeMillis() - oldSysTime = 208
2024-04-24 15:18:29,621 INFO  [..                         axisGuardThread] System.currentTimeMillis() - oldSysTime = 214
2024-04-24 15:18:29,822 INFO  [..                         axisGuardThread] System.currentTimeMillis() - oldSysTime = 200
2024-04-24 15:18:30,028 INFO  [..                         axisGuardThread] System.currentTimeMillis() - oldSysTime = 206
2024-04-24 15:18:30,247 INFO  [..                         axisGuardThread] System.currentTimeMillis() - oldSysTime = 219
2024-04-24 15:18:30,450 INFO  [..                         axisGuardThread] System.currentTimeMillis() - oldSysTime = 203
2024-04-24 15:18:30,658 INFO  [..                         axisGuardThread] System.currentTimeMillis() - oldSysTime = 208
2024-04-24 15:18:30,872 INFO  [..                         axisGuardThread] System.currentTimeMillis() - oldSysTime = 214
2024-04-24 15:18:31,122 INFO  [..                         axisGuardThread] System.currentTimeMillis() - oldSysTime = 250
2024-04-24 15:18:31,343 INFO  [..                         axisGuardThread] System.currentTimeMillis() - oldSysTime = 221
2024-04-24 15:18:31,571 INFO  [..                         axisGuardThread] System.currentTimeMillis() - oldSysTime = 228
2024-04-24 15:18:31,777 INFO  [..                         axisGuardThread] System.currentTimeMillis() - oldSysTime = 205
2024-04-24 15:18:31,998 INFO  [..                         axisGuardThread] System.currentTimeMillis() - oldSysTime = 221
2024-04-24 15:18:32,223 INFO  [..                         axisGuardThread] System.currentTimeMillis() - oldSysTime = 225
2024-04-24 15:18:32,428 INFO  [..                         axisGuardThread] System.currentTimeMillis() - oldSysTime = 205
2024-04-24 15:18:32,673 INFO  [..                         axisGuardThread] System.currentTimeMillis() - oldSysTime = 245
2024-04-24 15:18:32,890 INFO  [..                         axisGuardThread] System.currentTimeMillis() - oldSysTime = 217
2024-04-24 15:18:33,101 INFO  [..                         axisGuardThread] System.currentTimeMillis() - oldSysTime = 211
2024-04-24 15:18:33,315 INFO  [..                         axisGuardThread] System.currentTimeMillis() - oldSysTime = 214
2024-04-24 15:18:33,525 INFO  [..                         axisGuardThread] System.currentTimeMillis() - oldSysTime = 210
2024-04-24 15:18:33,730 INFO  [..                         axisGuardThread] System.currentTimeMillis() - oldSysTime = 205
2024-04-24 15:18:33,943 INFO  [..                         axisGuardThread] System.currentTimeMillis() - oldSysTime = 213
2024-04-24 15:18:34,158 INFO  [..                         axisGuardThread] System.currentTimeMillis() - oldSysTime = 215
2024-04-24 15:18:34,512 INFO  [..                         axisGuardThread] System.currentTimeMillis() - oldSysTime = 354
2024-04-24 15:18:34,716 INFO  [..                         axisGuardThread] System.currentTimeMillis() - oldSysTime = 204
2024-04-24 15:18:34,972 INFO  [..                         axisGuardThread] System.currentTimeMillis() - oldSysTime = 255
2024-04-24 15:18:35,181 INFO  [..                         axisGuardThread] System.currentTimeMillis() - oldSysTime = 209
2024-04-24 15:18:35,396 INFO  [..                         axisGuardThread] System.currentTimeMillis() - oldSysTime = 215
2024-04-24 15:18:35,599 INFO  [..                         axisGuardThread] System.currentTimeMillis() - oldSysTime = 203
2024-04-24 15:18:35,810 INFO  [..                         axisGuardThread] System.currentTimeMillis() - oldSysTime = 211
2024-04-24 15:18:36,017 INFO  [..                         axisGuardThread] System.currentTimeMillis() - oldSysTime = 207
2024-04-24 15:18:36,233 INFO  [..                         axisGuardThread] System.currentTimeMillis() - oldSysTime = 216
2024-04-24 15:18:36,440 INFO  [..                         axisGuardThread] System.currentTimeMillis() - oldSysTime = 207
2024-04-24 15:18:36,748 INFO  [..                         axisGuardThread] System.currentTimeMillis() - oldSysTime = 308
2024-04-24 15:18:36,958 INFO  [..                         axisGuardThread] System.currentTimeMillis() - oldSysTime = 210
2024-04-24 15:18:37,164 INFO  [..                         axisGuardThread] System.currentTimeMillis() - oldSysTime = 206
2024-04-24 15:18:40,774 INFO  [..                         axisGuardThread] System.currentTimeMillis() - oldSysTime = 3610
2024-04-24 15:18:40,776 INFO  [..                      DataRecorderThread] DataRecorder to execute awaitFileAvailable.
2024-04-24 15:18:40,776 INFO  [..                      DataRecorderThread] DataRecorder to save over the previous recorder
2024-04-24 15:18:40,776 INFO  [..                      DataRecorderThread] isQuitThread = false ThreadPriority = 5
2024-04-24 15:18:40,776 INFO  [..                      DataRecorderThread] enter to renameExistsFiles
2024-04-24 15:18:40,787 INFO  [..                      DataRecorderThread] quit to renameExistsFiles
2024-04-24 15:18:40,787 INFO  [..                      DataRecorderThread] initDataRecorder----------
2024-04-24 15:18:40,788 INFO  [..                      DataRecorderThread] ------------nTimeOut = 43690  nTotalSampleTimes = 43690 nInterval=1
2024-04-24 15:18:40,993 INFO  [..                         axisGuardThread] System.currentTimeMillis() - oldSysTime = 219
2024-04-24 15:18:41,193 INFO  [..                         axisGuardThread] System.currentTimeMillis() - oldSysTime = 200
2024-04-24 15:18:41,408 INFO  [..                         axisGuardThread] System.currentTimeMillis() - oldSysTime = 215
2024-04-24 15:18:41,619 INFO  [..                         axisGuardThread] System.currentTimeMillis() - oldSysTime = 211
2024-04-24 15:18:41,831 INFO  [..                         axisGuardThread] System.currentTimeMillis() - oldSysTime = 211
2024-04-24 15:18:42,049 INFO  [..                         axisGuardThread] System.currentTimeMillis() - oldSysTime = 218
2024-04-24 15:18:42,261 INFO  [..                         axisGuardThread] System.currentTimeMillis() - oldSysTime = 212
2024-04-24 15:18:42,529 INFO  [..                         axisGuardThread] System.currentTimeMillis() - oldSysTime = 268
2024-04-24 15:18:42,744 INFO  [..                         axisGuardThread] System.currentTimeMillis() - oldSysTime = 215
2024-04-24 15:18:42,954 INFO  [..                         axisGuardThread] System.currentTimeMillis() - oldSysTime = 210
2024-04-24 15:18:43,200 INFO  [..                         axisGuardThread] System.currentTimeMillis() - oldSysTime = 246
2024-04-24 15:18:43,403 INFO  [..                         axisGuardThread] System.currentTimeMillis() - oldSysTime = 203
2024-04-24 15:18:43,621 INFO  [..                         axisGuardThread] System.currentTimeMillis() - oldSysTime = 218
2024-04-24 15:18:43,831 INFO  [..                         axisGuardThread] System.currentTimeMillis() - oldSysTime = 210
2024-04-24 15:18:44,039 INFO  [..                         axisGuardThread] System.currentTimeMillis() - oldSysTime = 208
2024-04-24 15:18:44,256 INFO  [..                         axisGuardThread] System.currentTimeMillis() - oldSysTime = 217
2024-04-24 15:18:44,484 INFO  [..                         axisGuardThread] System.currentTimeMillis() - oldSysTime = 228
2024-04-24 15:18:44,793 INFO  [..                         axisGuardThread] System.currentTimeMillis() - oldSysTime = 309
2024-04-24 15:18:45,005 INFO  [..                         axisGuardThread] System.currentTimeMillis() - oldSysTime = 212
2024-04-24 15:18:45,219 INFO  [..                         axisGuardThread] System.currentTimeMillis() - oldSysTime = 214
2024-04-24 15:18:45,434 INFO  [..                         axisGuardThread] System.currentTimeMillis() - oldSysTime = 215
2024-04-24 15:18:45,651 INFO  [..                         axisGuardThread] System.currentTimeMillis() - oldSysTime = 217
2024-04-24 15:18:45,860 INFO  [..                         axisGuardThread] System.currentTimeMillis() - oldSysTime = 209
2024-04-24 15:18:46,073 INFO  [..                         axisGuardThread] System.currentTimeMillis() - oldSysTime = 213
2024-04-24 15:18:46,285 INFO  [..                         axisGuardThread] System.currentTimeMillis() - oldSysTime = 212
2024-04-24 15:18:46,603 INFO  [..                         axisGuardThread] System.currentTimeMillis() - oldSysTime = 318
2024-04-24 15:18:46,819 INFO  [..                         axisGuardThread] System.currentTimeMillis() - oldSysTime = 216
2024-04-24 15:18:47,037 INFO  [..                         axisGuardThread] System.currentTimeMillis() - oldSysTime = 218
2024-04-24 15:18:47,250 INFO  [..                         axisGuardThread] System.currentTimeMillis() - oldSysTime = 213
2024-04-24 15:18:47,462 INFO  [..                         axisGuardThread] System.currentTimeMillis() - oldSysTime = 212
2024-04-24 15:18:47,670 INFO  [..                         axisGuardThread] System.currentTimeMillis() - oldSysTime = 208
2024-04-24 15:18:47,871 INFO  [..                         axisGuardThread] System.currentTimeMillis() - oldSysTime = 201
2024-04-24 15:18:48,085 INFO  [..                         axisGuardThread] System.currentTimeMillis() - oldSysTime = 214
2024-04-24 15:18:48,291 INFO  [..                         axisGuardThread] System.currentTimeMillis() - oldSysTime = 206
2024-04-24 15:18:48,731 INFO  [..                         axisGuardThread] System.currentTimeMillis() - oldSysTime = 440
2024-04-24 15:18:48,988 INFO  [..                         axisGuardThread] System.currentTimeMillis() - oldSysTime = 256
2024-04-24 15:18:49,203 INFO  [..                         axisGuardThread] System.currentTimeMillis() - oldSysTime = 215
2024-04-24 15:18:49,423 INFO  [..                         axisGuardThread] System.currentTimeMillis() - oldSysTime = 220
2024-04-24 15:18:49,635 INFO  [..                         axisGuardThread] System.currentTimeMillis() - oldSysTime = 212
2024-04-24 15:18:49,849 INFO  [..                         axisGuardThread] System.currentTimeMillis() - oldSysTime = 214
2024-04-24 15:18:50,065 INFO  [..                         axisGuardThread] System.currentTimeMillis() - oldSysTime = 216
2024-04-24 15:18:50,275 INFO  [..                         axisGuardThread] System.currentTimeMillis() - oldSysTime = 210
2024-04-24 15:18:50,483 INFO  [..                         axisGuardThread] System.currentTimeMillis() - oldSysTime = 208
2024-04-24 15:18:50,854 INFO  [..                         axisGuardThread] System.currentTimeMillis() - oldSysTime = 371
2024-04-24 15:18:51,061 INFO  [..                         axisGuardThread] System.currentTimeMillis() - oldSysTime = 207
2024-04-24 15:18:51,277 INFO  [..                         axisGuardThread] System.currentTimeMillis() - oldSysTime = 216
2024-04-24 15:18:51,491 INFO  [..                         axisGuardThread] System.currentTimeMillis() - oldSysTime = 214
2024-04-24 15:18:51,702 INFO  [..                         axisGuardThread] System.currentTimeMillis() - oldSysTime = 211
2024-04-24 15:18:51,920 INFO  [..                         axisGuardThread] System.currentTimeMillis() - oldSysTime = 218
2024-04-24 15:18:52,137 INFO  [..                         axisGuardThread] System.currentTimeMillis() - oldSysTime = 217
2024-04-24 15:18:52,352 INFO  [..                         axisGuardThread] System.currentTimeMillis() - oldSysTime = 215
2024-04-24 15:18:52,796 INFO  [..                         axisGuardThread] System.currentTimeMillis() - oldSysTime = 444
2024-04-24 15:18:53,003 INFO  [..                         axisGuardThread] System.currentTimeMillis() - oldSysTime = 207
2024-04-24 15:18:53,212 INFO  [..                         axisGuardThread] System.currentTimeMillis() - oldSysTime = 209
2024-04-24 15:18:53,421 INFO  [..                         axisGuardThread] System.currentTimeMillis() - oldSysTime = 209
2024-04-24 15:18:53,633 INFO  [..                         axisGuardThread] System.currentTimeMillis() - oldSysTime = 212
2024-04-24 15:18:53,843 INFO  [..                         axisGuardThread] System.currentTimeMillis() - oldSysTime = 210
2024-04-24 15:18:54,066 INFO  [..                         axisGuardThread] System.currentTimeMillis() - oldSysTime = 223
2024-04-24 15:18:54,273 INFO  [..                         axisGuardThread] System.currentTimeMillis() - oldSysTime = 207
2024-04-24 15:18:54,486 INFO  [..                         axisGuardThread] System.currentTimeMillis() - oldSysTime = 213
2024-04-24 15:18:54,699 INFO  [..                         axisGuardThread] System.currentTimeMillis() - oldSysTime = 213
2024-04-24 15:18:54,913 INFO  [..                         axisGuardThread] System.currentTimeMillis() - oldSysTime = 214
2024-04-24 15:18:55,123 INFO  [..                         axisGuardThread] System.currentTimeMillis() - oldSysTime = 210
2024-04-24 15:18:55,323 INFO  [..                         axisGuardThread] System.currentTimeMillis() - oldSysTime = 200
2024-04-24 15:18:55,537 INFO  [..                         axisGuardThread] System.currentTimeMillis() - oldSysTime = 213
2024-04-24 15:18:55,742 INFO  [..                         axisGuardThread] System.currentTimeMillis() - oldSysTime = 205
2024-04-24 15:18:55,956 INFO  [..                         axisGuardThread] System.currentTimeMillis() - oldSysTime = 214
2024-04-24 15:18:56,168 INFO  [..                         axisGuardThread] System.currentTimeMillis() - oldSysTime = 211
2024-04-24 15:18:56,371 INFO  [..                         axisGuardThread] System.currentTimeMillis() - oldSysTime = 203
2024-04-24 15:18:56,586 INFO  [..                         axisGuardThread] System.currentTimeMillis() - oldSysTime = 215
2024-04-24 15:18:56,948 INFO  [..                         axisGuardThread] System.currentTimeMillis() - oldSysTime = 362
2024-04-24 15:18:57,162 INFO  [..                         axisGuardThread] System.currentTimeMillis() - oldSysTime = 214
2024-04-24 15:18:57,370 INFO  [..                         axisGuardThread] System.currentTimeMillis() - oldSysTime = 208
2024-04-24 15:18:57,583 INFO  [..                         axisGuardThread] System.currentTimeMillis() - oldSysTime = 213
2024-04-24 15:18:57,808 INFO  [..                         axisGuardThread] System.currentTimeMillis() - oldSysTime = 225
2024-04-24 15:18:58,027 INFO  [..                         axisGuardThread] System.currentTimeMillis() - oldSysTime = 219
2024-04-24 15:18:58,239 INFO  [..                         axisGuardThread] System.currentTimeMillis() - oldSysTime = 212
2024-04-24 15:18:58,448 INFO  [..                         axisGuardThread] System.currentTimeMillis() - oldSysTime = 209
2024-04-24 15:18:58,671 INFO  [..                         axisGuardThread] System.currentTimeMillis() - oldSysTime = 223
2024-04-24 15:18:58,889 INFO  [..                         axisGuardThread] System.currentTimeMillis() - oldSysTime = 218
2024-04-24 15:18:59,093 INFO  [..                         axisGuardThread] System.currentTimeMillis() - oldSysTime = 203
2024-04-24 15:18:59,313 INFO  [..                         axisGuardThread] System.currentTimeMillis() - oldSysTime = 220
2024-04-24 15:18:59,533 INFO  [..                         axisGuardThread] System.currentTimeMillis() - oldSysTime = 220
2024-04-24 15:18:59,752 INFO  [..                         axisGuardThread] System.currentTimeMillis() - oldSysTime = 219
2024-04-24 15:18:59,972 INFO  [..                         axisGuardThread] System.currentTimeMillis() - oldSysTime = 220
2024-04-24 15:19:00,189 INFO  [..                         axisGuardThread] System.currentTimeMillis() - oldSysTime = 217
2024-04-24 15:19:00,393 INFO  [..                         axisGuardThread] System.currentTimeMillis() - oldSysTime = 204
2024-04-24 15:19:00,617 INFO  [..                         axisGuardThread] System.currentTimeMillis() - oldSysTime = 224
2024-04-24 15:19:00,823 INFO  [..                         axisGuardThread] System.currentTimeMillis() - oldSysTime = 206
2024-04-24 15:19:01,036 INFO  [..                         axisGuardThread] System.currentTimeMillis() - oldSysTime = 213
2024-04-24 15:19:01,240 INFO  [..                         axisGuardThread] System.currentTimeMillis() - oldSysTime = 204
2024-04-24 15:19:01,444 INFO  [..                         axisGuardThread] System.currentTimeMillis() - oldSysTime = 204
2024-04-24 15:19:01,665 INFO  [..                         axisGuardThread] System.currentTimeMillis() - oldSysTime = 221
2024-04-24 15:19:01,879 INFO  [..                         axisGuardThread] System.currentTimeMillis() - oldSysTime = 213
2024-04-24 15:19:02,089 INFO  [..                         axisGuardThread] System.currentTimeMillis() - oldSysTime = 210
2024-04-24 15:19:02,296 INFO  [..                         axisGuardThread] System.currentTimeMillis() - oldSysTime = 207
2024-04-24 15:19:02,520 INFO  [..                         axisGuardThread] System.currentTimeMillis() - oldSysTime = 224
2024-04-24 15:19:02,728 INFO  [..                         axisGuardThread] System.currentTimeMillis() - oldSysTime = 207
2024-04-24 15:19:02,942 INFO  [..                         axisGuardThread] System.currentTimeMillis() - oldSysTime = 214
2024-04-24 15:19:03,156 INFO  [..                         axisGuardThread] System.currentTimeMillis() - oldSysTime = 214
2024-04-24 15:19:03,363 INFO  [..                         axisGuardThread] System.currentTimeMillis() - oldSysTime = 207
2024-04-24 15:19:03,576 INFO  [..                         axisGuardThread] System.currentTimeMillis() - oldSysTime = 213
2024-04-24 15:19:03,784 INFO  [..                         axisGuardThread] System.currentTimeMillis() - oldSysTime = 208
2024-04-24 15:19:04,005 INFO  [..                         axisGuardThread] System.currentTimeMillis() - oldSysTime = 220
2024-04-24 15:19:04,218 INFO  [..                         axisGuardThread] System.currentTimeMillis() - oldSysTime = 213
2024-04-24 15:19:04,429 INFO  [..                         axisGuardThread] System.currentTimeMillis() - oldSysTime = 211
2024-04-24 15:19:04,643 INFO  [..                         axisGuardThread] System.currentTimeMillis() - oldSysTime = 214
2024-04-24 15:19:04,863 INFO  [..                         axisGuardThread] System.currentTimeMillis() - oldSysTime = 220
2024-04-24 15:19:05,088 INFO  [..                         axisGuardThread] System.currentTimeMillis() - oldSysTime = 224
2024-04-24 15:19:05,310 INFO  [..                         axisGuardThread] System.currentTimeMillis() - oldSysTime = 222
2024-04-24 15:19:05,511 INFO  [..                         axisGuardThread] System.currentTimeMillis() - oldSysTime = 201
2024-04-24 15:19:05,718 INFO  [..                         axisGuardThread] System.currentTimeMillis() - oldSysTime = 206
2024-04-24 15:19:05,938 INFO  [..                         axisGuardThread] System.currentTimeMillis() - oldSysTime = 220
2024-04-24 15:19:06,157 INFO  [..                         axisGuardThread] System.currentTimeMillis() - oldSysTime = 219
2024-04-24 15:19:06,398 INFO  [..                         axisGuardThread] System.currentTimeMillis() - oldSysTime = 241
2024-04-24 15:19:06,614 INFO  [..                         axisGuardThread] System.currentTimeMillis() - oldSysTime = 216
2024-04-24 15:19:06,857 INFO  [..                         axisGuardThread] System.currentTimeMillis() - oldSysTime = 243
2024-04-24 15:19:07,075 INFO  [..                         axisGuardThread] System.currentTimeMillis() - oldSysTime = 218
2024-04-24 15:19:07,290 INFO  [..                         axisGuardThread] System.currentTimeMillis() - oldSysTime = 215
2024-04-24 15:19:07,494 INFO  [..                         axisGuardThread] System.currentTimeMillis() - oldSysTime = 204
2024-04-24 15:19:07,711 INFO  [..                         axisGuardThread] System.currentTimeMillis() - oldSysTime = 217
2024-04-24 15:19:07,950 INFO  [..                         axisGuardThread] System.currentTimeMillis() - oldSysTime = 239
2024-04-24 15:19:08,166 INFO  [..                         axisGuardThread] System.currentTimeMillis() - oldSysTime = 216
2024-04-24 15:19:08,380 INFO  [..                         axisGuardThread] System.currentTimeMillis() - oldSysTime = 214
2024-04-24 15:19:08,598 INFO  [..                         axisGuardThread] System.currentTimeMillis() - oldSysTime = 218
2024-04-24 15:19:08,830 INFO  [..                         axisGuardThread] System.currentTimeMillis() - oldSysTime = 232
2024-04-24 15:19:09,047 INFO  [..                         axisGuardThread] System.currentTimeMillis() - oldSysTime = 217
2024-04-24 15:19:09,253 INFO  [..                         axisGuardThread] System.currentTimeMillis() - oldSysTime = 206
2024-04-24 15:19:09,454 INFO  [..                         axisGuardThread] System.currentTimeMillis() - oldSysTime = 201
2024-04-24 15:19:09,670 INFO  [..                         axisGuardThread] System.currentTimeMillis() - oldSysTime = 216
2024-04-24 15:19:09,884 INFO  [..                         axisGuardThread] System.currentTimeMillis() - oldSysTime = 214
2024-04-24 15:19:10,092 INFO  [..                         axisGuardThread] System.currentTimeMillis() - oldSysTime = 208
2024-04-24 15:19:10,302 INFO  [..                         axisGuardThread] System.currentTimeMillis() - oldSysTime = 210
2024-04-24 15:19:10,515 INFO  [..                         axisGuardThread] System.currentTimeMillis() - oldSysTime = 213
2024-04-24 15:19:10,740 INFO  [..                         axisGuardThread] System.currentTimeMillis() - oldSysTime = 225
2024-04-24 15:19:10,967 INFO  [..                         axisGuardThread] System.currentTimeMillis() - oldSysTime = 227
2024-04-24 15:19:11,182 INFO  [..                         axisGuardThread] System.currentTimeMillis() - oldSysTime = 215
2024-04-24 15:19:11,411 INFO  [..                         axisGuardThread] System.currentTimeMillis() - oldSysTime = 229
2024-04-24 15:19:11,693 INFO  [..                         axisGuardThread] System.currentTimeMillis() - oldSysTime = 282
2024-04-24 15:19:12,032 INFO  [..                         axisGuardThread] System.currentTimeMillis() - oldSysTime = 339
2024-04-24 15:19:12,289 INFO  [..                         axisGuardThread] System.currentTimeMillis() - oldSysTime = 256
2024-04-24 15:19:12,537 INFO  [..                         axisGuardThread] System.currentTimeMillis() - oldSysTime = 248
2024-04-24 15:19:12,765 INFO  [..                         axisGuardThread] System.currentTimeMillis() - oldSysTime = 228
2024-04-24 15:19:12,990 INFO  [..                         axisGuardThread] System.currentTimeMillis() - oldSysTime = 224
2024-04-24 15:19:13,204 INFO  [..                         axisGuardThread] System.currentTimeMillis() - oldSysTime = 214
2024-04-24 15:19:13,408 INFO  [..                         axisGuardThread] System.currentTimeMillis() - oldSysTime = 204
2024-04-24 15:19:13,619 INFO  [..                         axisGuardThread] System.currentTimeMillis() - oldSysTime = 211
2024-04-24 15:19:13,839 INFO  [..                         axisGuardThread] System.currentTimeMillis() - oldSysTime = 220
2024-04-24 15:19:14,521 INFO  [..                         axisGuardThread] System.currentTimeMillis() - oldSysTime = 682
2024-04-24 15:19:14,762 INFO  [..                         axisGuardThread] System.currentTimeMillis() - oldSysTime = 241
2024-04-24 15:19:14,979 INFO  [..                         axisGuardThread] System.currentTimeMillis() - oldSysTime = 217
2024-04-24 15:19:15,190 INFO  [..                         axisGuardThread] System.currentTimeMillis() - oldSysTime = 211
2024-04-24 15:19:15,413 INFO  [..                         axisGuardThread] System.currentTimeMillis() - oldSysTime = 222
2024-04-24 15:19:15,628 INFO  [..                         axisGuardThread] System.currentTimeMillis() - oldSysTime = 215
2024-04-24 15:19:15,976 INFO  [..                         axisGuardThread] System.currentTimeMillis() - oldSysTime = 348
2024-04-24 15:19:16,304 INFO  [..                         axisGuardThread] System.currentTimeMillis() - oldSysTime = 327
2024-04-24 15:19:16,536 INFO  [..                         axisGuardThread] System.currentTimeMillis() - oldSysTime = 232
2024-04-24 15:19:16,760 INFO  [..                         axisGuardThread] System.currentTimeMillis() - oldSysTime = 224
2024-04-24 15:19:16,988 INFO  [..                         axisGuardThread] System.currentTimeMillis() - oldSysTime = 228
2024-04-24 15:19:17,202 INFO  [..                         axisGuardThread] System.currentTimeMillis() - oldSysTime = 213
2024-04-24 15:19:17,411 INFO  [..                         axisGuardThread] System.currentTimeMillis() - oldSysTime = 209
2024-04-24 15:19:17,626 INFO  [..                         axisGuardThread] System.currentTimeMillis() - oldSysTime = 215
2024-04-24 15:19:17,864 INFO  [..                         axisGuardThread] System.currentTimeMillis() - oldSysTime = 238
2024-04-24 15:19:18,244 INFO  [..                         axisGuardThread] System.currentTimeMillis() - oldSysTime = 379
2024-04-24 15:19:18,451 INFO  [..                         axisGuardThread] System.currentTimeMillis() - oldSysTime = 207
2024-04-24 15:19:18,674 INFO  [..                         axisGuardThread] System.currentTimeMillis() - oldSysTime = 223
2024-04-24 15:19:18,920 INFO  [..                         axisGuardThread] System.currentTimeMillis() - oldSysTime = 246
2024-04-24 15:19:19,144 INFO  [..                         axisGuardThread] System.currentTimeMillis() - oldSysTime = 224
2024-04-24 15:19:19,391 INFO  [..                         axisGuardThread] System.currentTimeMillis() - oldSysTime = 246
2024-04-24 15:19:19,635 INFO  [..                         axisGuardThread] System.currentTimeMillis() - oldSysTime = 244
2024-04-24 15:19:19,851 INFO  [..                         axisGuardThread] System.currentTimeMillis() - oldSysTime = 216
2024-04-24 15:19:20,074 INFO  [..                         axisGuardThread] System.currentTimeMillis() - oldSysTime = 223
2024-04-24 15:19:20,281 INFO  [..                         axisGuardThread] System.currentTimeMillis() - oldSysTime = 207
2024-04-24 15:19:20,490 INFO  [..                         axisGuardThread] System.currentTimeMillis() - oldSysTime = 209
2024-04-24 15:19:20,704 INFO  [..                         axisGuardThread] System.currentTimeMillis() - oldSysTime = 214
2024-04-24 15:19:20,918 INFO  [..                         axisGuardThread] System.currentTimeMillis() - oldSysTime = 214
2024-04-24 15:19:21,149 INFO  [..                         axisGuardThread] System.currentTimeMillis() - oldSysTime = 230
2024-04-24 15:19:21,359 INFO  [..                         axisGuardThread] System.currentTimeMillis() - oldSysTime = 210
2024-04-24 15:19:21,762 INFO  [..                         axisGuardThread] System.currentTimeMillis() - oldSysTime = 403
2024-04-24 15:19:22,000 INFO  [..                         axisGuardThread] System.currentTimeMillis() - oldSysTime = 238
2024-04-24 15:19:22,218 INFO  [..                         axisGuardThread] System.currentTimeMillis() - oldSysTime = 217
2024-04-24 15:19:22,655 INFO  [..                         axisGuardThread] System.currentTimeMillis() - oldSysTime = 437
2024-04-24 15:19:22,889 INFO  [..                         axisGuardThread] System.currentTimeMillis() - oldSysTime = 234
2024-04-24 15:19:23,109 INFO  [..                         axisGuardThread] System.currentTimeMillis() - oldSysTime = 220
2024-04-24 15:19:23,318 INFO  [..                         axisGuardThread] System.currentTimeMillis() - oldSysTime = 209
2024-04-24 15:19:23,527 INFO  [..                         axisGuardThread] System.currentTimeMillis() - oldSysTime = 208
2024-04-24 15:19:23,741 INFO  [..                         axisGuardThread] System.currentTimeMillis() - oldSysTime = 214
2024-04-24 15:19:23,947 INFO  [..                         axisGuardThread] System.currentTimeMillis() - oldSysTime = 206
2024-04-24 15:19:24,167 INFO  [..                         axisGuardThread] System.currentTimeMillis() - oldSysTime = 220
2024-04-24 15:19:24,388 INFO  [..                         axisGuardThread] System.currentTimeMillis() - oldSysTime = 221
2024-04-24 15:19:27,991 INFO  [..                         axisGuardThread] System.currentTimeMillis() - oldSysTime = 3603
2024-04-24 15:19:27,992 INFO  [..                      DataRecorderThread] DataRecorder to execute awaitFileAvailable.
2024-04-24 15:19:27,992 INFO  [..                      DataRecorderThread] DataRecorder to save over the previous recorder
2024-04-24 15:19:27,992 INFO  [..                      DataRecorderThread] isQuitThread = false ThreadPriority = 5
2024-04-24 15:19:27,992 INFO  [..                      DataRecorderThread] enter to renameExistsFiles
2024-04-24 15:19:28,004 INFO  [..                      DataRecorderThread] quit to renameExistsFiles
2024-04-24 15:19:28,004 INFO  [..                      DataRecorderThread] initDataRecorder----------
2024-04-24 15:19:28,004 INFO  [..                      DataRecorderThread] ------------nTimeOut = 43690  nTotalSampleTimes = 43690 nInterval=1
2024-04-24 15:19:28,241 INFO  [..                         axisGuardThread] System.currentTimeMillis() - oldSysTime = 250
2024-04-24 15:19:28,451 INFO  [..                         axisGuardThread] System.currentTimeMillis() - oldSysTime = 210
2024-04-24 15:19:28,658 INFO  [..                         axisGuardThread] System.currentTimeMillis() - oldSysTime = 207
2024-04-24 15:19:28,878 INFO  [..                         axisGuardThread] System.currentTimeMillis() - oldSysTime = 219
2024-04-24 15:19:29,110 INFO  [..                         axisGuardThread] System.currentTimeMillis() - oldSysTime = 232
2024-04-24 15:19:29,327 INFO  [..                         axisGuardThread] System.currentTimeMillis() - oldSysTime = 215
2024-04-24 15:19:29,528 INFO  [..                         axisGuardThread] System.currentTimeMillis() - oldSysTime = 201
2024-04-24 15:19:29,765 INFO  [..                         axisGuardThread] System.currentTimeMillis() - oldSysTime = 237
2024-04-24 15:19:29,982 INFO  [..                         axisGuardThread] System.currentTimeMillis() - oldSysTime = 217
2024-04-24 15:19:30,210 INFO  [..                         axisGuardThread] System.currentTimeMillis() - oldSysTime = 228
2024-04-24 15:19:30,422 INFO  [..                         axisGuardThread] System.currentTimeMillis() - oldSysTime = 212
2024-04-24 15:19:30,643 INFO  [..                         axisGuardThread] System.currentTimeMillis() - oldSysTime = 221
2024-04-24 15:19:30,862 INFO  [..                         axisGuardThread] System.currentTimeMillis() - oldSysTime = 219
2024-04-24 15:19:31,078 INFO  [..                         axisGuardThread] System.currentTimeMillis() - oldSysTime = 216
2024-04-24 15:19:31,295 INFO  [..                         axisGuardThread] System.currentTimeMillis() - oldSysTime = 217
2024-04-24 15:19:31,528 INFO  [..                         axisGuardThread] System.currentTimeMillis() - oldSysTime = 233
2024-04-24 15:19:31,743 INFO  [..                         axisGuardThread] System.currentTimeMillis() - oldSysTime = 215
2024-04-24 15:19:31,963 INFO  [..                         axisGuardThread] System.currentTimeMillis() - oldSysTime = 219
2024-04-24 15:19:32,175 INFO  [..                         axisGuardThread] System.currentTimeMillis() - oldSysTime = 212
2024-04-24 15:19:32,386 INFO  [..                         axisGuardThread] System.currentTimeMillis() - oldSysTime = 211
2024-04-24 15:19:32,595 INFO  [..                         axisGuardThread] System.currentTimeMillis() - oldSysTime = 209
2024-04-24 15:19:32,805 INFO  [..                         axisGuardThread] System.currentTimeMillis() - oldSysTime = 210
2024-04-24 15:19:33,035 INFO  [..                         axisGuardThread] System.currentTimeMillis() - oldSysTime = 230
2024-04-24 15:19:33,236 INFO  [..                         axisGuardThread] System.currentTimeMillis() - oldSysTime = 201
2024-04-24 15:19:33,452 INFO  [..                         axisGuardThread] System.currentTimeMillis() - oldSysTime = 216
2024-04-24 15:19:33,661 INFO  [..                         axisGuardThread] System.currentTimeMillis() - oldSysTime = 209
2024-04-24 15:19:33,867 INFO  [..                         axisGuardThread] System.currentTimeMillis() - oldSysTime = 206
2024-04-24 15:19:34,073 INFO  [..                         axisGuardThread] System.currentTimeMillis() - oldSysTime = 206
2024-04-24 15:19:34,310 INFO  [..                         axisGuardThread] System.currentTimeMillis() - oldSysTime = 237
2024-04-24 15:19:34,557 INFO  [..                         axisGuardThread] System.currentTimeMillis() - oldSysTime = 247
2024-04-24 15:19:34,763 INFO  [..                         axisGuardThread] System.currentTimeMillis() - oldSysTime = 206
2024-04-24 15:19:34,969 INFO  [..                         axisGuardThread] System.currentTimeMillis() - oldSysTime = 206
2024-04-24 15:19:35,188 INFO  [..                         axisGuardThread] System.currentTimeMillis() - oldSysTime = 219
2024-04-24 15:19:35,403 INFO  [..                         axisGuardThread] System.currentTimeMillis() - oldSysTime = 215
2024-04-24 15:19:35,999 INFO  [..                         axisGuardThread] System.currentTimeMillis() - oldSysTime = 596
2024-04-24 15:19:36,218 INFO  [..                         axisGuardThread] System.currentTimeMillis() - oldSysTime = 219
2024-04-24 15:19:36,426 INFO  [..                         axisGuardThread] System.currentTimeMillis() - oldSysTime = 208
2024-04-24 15:19:36,648 INFO  [..                         axisGuardThread] System.currentTimeMillis() - oldSysTime = 221
2024-04-24 15:19:36,868 INFO  [..                         axisGuardThread] System.currentTimeMillis() - oldSysTime = 220
2024-04-24 15:19:37,073 INFO  [..                         axisGuardThread] System.currentTimeMillis() - oldSysTime = 205
2024-04-24 15:19:37,287 INFO  [..                         axisGuardThread] System.currentTimeMillis() - oldSysTime = 214
2024-04-24 15:19:37,494 INFO  [..                         axisGuardThread] System.currentTimeMillis() - oldSysTime = 207
2024-04-24 15:19:37,799 INFO  [..                         axisGuardThread] System.currentTimeMillis() - oldSysTime = 305
2024-04-24 15:19:38,026 INFO  [..                         axisGuardThread] System.currentTimeMillis() - oldSysTime = 227
2024-04-24 15:19:38,236 INFO  [..                         axisGuardThread] System.currentTimeMillis() - oldSysTime = 210
2024-04-24 15:19:38,441 INFO  [..                         axisGuardThread] System.currentTimeMillis() - oldSysTime = 205
2024-04-24 15:19:38,649 INFO  [..                         axisGuardThread] System.currentTimeMillis() - oldSysTime = 208
2024-04-24 15:19:38,862 INFO  [..                         axisGuardThread] System.currentTimeMillis() - oldSysTime = 213
2024-04-24 15:19:39,065 INFO  [..                         axisGuardThread] System.currentTimeMillis() - oldSysTime = 203
2024-04-24 15:19:39,267 INFO  [..                         axisGuardThread] System.currentTimeMillis() - oldSysTime = 202
2024-04-24 15:19:39,473 INFO  [..                         axisGuardThread] System.currentTimeMillis() - oldSysTime = 205
2024-04-24 15:19:39,677 INFO  [..                         axisGuardThread] System.currentTimeMillis() - oldSysTime = 204
2024-04-24 15:19:39,922 INFO  [..                         axisGuardThread] System.currentTimeMillis() - oldSysTime = 245
2024-04-24 15:19:40,134 INFO  [..                         axisGuardThread] System.currentTimeMillis() - oldSysTime = 212
2024-04-24 15:19:40,385 INFO  [..                         axisGuardThread] System.currentTimeMillis() - oldSysTime = 251
2024-04-24 15:19:40,603 INFO  [..                         axisGuardThread] System.currentTimeMillis() - oldSysTime = 218
2024-04-24 15:19:40,816 INFO  [..                         axisGuardThread] System.currentTimeMillis() - oldSysTime = 212
2024-04-24 15:19:41,020 INFO  [..                         axisGuardThread] System.currentTimeMillis() - oldSysTime = 203
2024-04-24 15:19:41,268 INFO  [..                         axisGuardThread] System.currentTimeMillis() - oldSysTime = 248
2024-04-24 15:19:41,522 INFO  [..                         axisGuardThread] System.currentTimeMillis() - oldSysTime = 254
2024-04-24 15:19:41,735 INFO  [..                         axisGuardThread] System.currentTimeMillis() - oldSysTime = 213
2024-04-24 15:19:41,944 INFO  [..                         axisGuardThread] System.currentTimeMillis() - oldSysTime = 208
2024-04-24 15:19:42,147 INFO  [..                         axisGuardThread] System.currentTimeMillis() - oldSysTime = 203
